;  LST file generated by mikroListExporter - v.2.0 
; Date/Time: 6/9/2021 10:39:20 AM
;----------------------------------------------

;Address Opcode 	ASM
0x0000	0x2BD5      	GOTO       981
_Interrupt:
0x0004	0x00FF      	MOVWF      R15
0x0005	0x0E03      	SWAPF      STATUS, 0
0x0006	0x0183      	CLRF       STATUS
0x0007	0x00AD      	MOVWF      ___saveSTATUS
0x0008	0x080A      	MOVF       PCLATH, 0
0x0009	0x00AE      	MOVWF      ___savePCLATH
0x000A	0x018A      	CLRF       PCLATH
0x000B	0x0870      	MOVF       R0, 0
0x000C	0x00A4      	MOVWF      36
0x000D	0x0871      	MOVF       R1, 0
0x000E	0x00A3      	MOVWF      35
0x000F	0x0872      	MOVF       R2, 0
0x0010	0x00A2      	MOVWF      34
0x0011	0x0873      	MOVF       R3, 0
0x0012	0x00A1      	MOVWF      33
;final traffic lights.c,11 :: 		void Interrupt(){
;final traffic lights.c,12 :: 		if (TMR0IF_bit){
0x0013	0x1D0B      	BTFSS      TMR0IF_bit, 2
0x0014	0x282F      	GOTO       L_Interrupt0
;final traffic lights.c,13 :: 		TMR0IF_bit= 0;
0x0015	0x110B      	BCF        TMR0IF_bit, 2
;final traffic lights.c,14 :: 		TMR0=6;
0x0016	0x3006      	MOVLW      6
0x0017	0x0081      	MOVWF      TMR0
;final traffic lights.c,15 :: 		milliSecs++;
0x0018	0x0827      	MOVF       _milliSecs, 0
0x0019	0x00F0      	MOVWF      R0
0x001A	0x0828      	MOVF       _milliSecs+1, 0
0x001B	0x00F1      	MOVWF      R0+1
0x001C	0x0829      	MOVF       _milliSecs+2, 0
0x001D	0x00F2      	MOVWF      R0+2
0x001E	0x082A      	MOVF       _milliSecs+3, 0
0x001F	0x00F3      	MOVWF      R0+3
0x0020	0x0AF0      	INCF       R0, 1
0x0021	0x1903      	BTFSC      STATUS, 2
0x0022	0x0AF1      	INCF       R0+1, 1
0x0023	0x1903      	BTFSC      STATUS, 2
0x0024	0x0AF2      	INCF       R0+2, 1
0x0025	0x1903      	BTFSC      STATUS, 2
0x0026	0x0AF3      	INCF       R0+3, 1
0x0027	0x0870      	MOVF       R0, 0
0x0028	0x00A7      	MOVWF      _milliSecs
0x0029	0x0871      	MOVF       R0+1, 0
0x002A	0x00A8      	MOVWF      _milliSecs+1
0x002B	0x0872      	MOVF       R0+2, 0
0x002C	0x00A9      	MOVWF      _milliSecs+2
0x002D	0x0873      	MOVF       R0+3, 0
0x002E	0x00AA      	MOVWF      _milliSecs+3
;final traffic lights.c,16 :: 		}
L_Interrupt0:
;final traffic lights.c,17 :: 		}
L_end_Interrupt:
L__Interrupt15:
0x002F	0x0824      	MOVF       36, 0
0x0030	0x00F0      	MOVWF      R0
0x0031	0x0823      	MOVF       35, 0
0x0032	0x00F1      	MOVWF      R1
0x0033	0x0822      	MOVF       34, 0
0x0034	0x00F2      	MOVWF      R2
0x0035	0x0821      	MOVF       33, 0
0x0036	0x00F3      	MOVWF      R3
0x0037	0x082E      	MOVF       ___savePCLATH, 0
0x0038	0x008A      	MOVWF      PCLATH
0x0039	0x0E2D      	SWAPF      ___saveSTATUS, 0
0x003A	0x0083      	MOVWF      STATUS
0x003B	0x0EFF      	SWAPF      R15, 1
0x003C	0x0E7F      	SWAPF      R15, 0
0x003D	0x0009      	RETFIE
; end of _Interrupt
_Div_16x16_S_L:
;__Lib_Math.c,420 :: 		
;__Lib_Math.c,426 :: 		
0x003E	0x0D71      	RLF        R1, 0
;__Lib_Math.c,427 :: 		
0x003F	0x0DF8      	RLF        R8, 1
;__Lib_Math.c,428 :: 		
0x0040	0x0DF9      	RLF        R9, 1
;__Lib_Math.c,429 :: 		
0x0041	0x0874      	MOVF       R4, 0
;__Lib_Math.c,430 :: 		
0x0042	0x02F8      	SUBWF      R8, 1
;__Lib_Math.c,431 :: 		
0x0043	0x0875      	MOVF       R5, 0
;__Lib_Math.c,432 :: 		
0x0044	0x1C03      	BTFSS      STATUS, 0
;__Lib_Math.c,433 :: 		
0x0045	0x0F75      	INCFSZ     R5, 0
;__Lib_Math.c,434 :: 		
0x0046	0x02F9      	SUBWF      R9, 1
;__Lib_Math.c,435 :: 		
0x0047	0x0DF0      	RLF        R0, 1
;__Lib_Math.c,436 :: 		
0x0048	0x0DF1      	RLF        R1, 1
;__Lib_Math.c,438 :: 		
0x0049	0x300F      	MOVLW      15
;__Lib_Math.c,439 :: 		
0x004A	0x00FC      	MOVWF      R12
;__Lib_Math.c,441 :: 		
0x004B	0x0D71      	RLF        R1, 0
;__Lib_Math.c,442 :: 		
0x004C	0x0DF8      	RLF        R8, 1
;__Lib_Math.c,443 :: 		
0x004D	0x0DF9      	RLF        R9, 1
;__Lib_Math.c,444 :: 		
0x004E	0x0874      	MOVF       R4, 0
;__Lib_Math.c,446 :: 		
0x004F	0x1C70      	BTFSS      R0, 0
;__Lib_Math.c,447 :: 		
0x0050	0x2857      	GOTO       $+7
;__Lib_Math.c,448 :: 		
0x0051	0x02F8      	SUBWF      R8, 1
;__Lib_Math.c,449 :: 		
0x0052	0x0875      	MOVF       R5, 0
;__Lib_Math.c,450 :: 		
0x0053	0x1C03      	BTFSS      STATUS, 0
;__Lib_Math.c,451 :: 		
0x0054	0x0F75      	INCFSZ     R5, 0
;__Lib_Math.c,452 :: 		
0x0055	0x02F9      	SUBWF      R9, 1
;__Lib_Math.c,453 :: 		
0x0056	0x285C      	GOTO       $+6
;__Lib_Math.c,455 :: 		
0x0057	0x07F8      	ADDWF      R8, 1
;__Lib_Math.c,456 :: 		
0x0058	0x0875      	MOVF       R5, 0
;__Lib_Math.c,457 :: 		
0x0059	0x1803      	BTFSC      STATUS, 0
;__Lib_Math.c,458 :: 		
0x005A	0x0F75      	INCFSZ     R5, 0
;__Lib_Math.c,459 :: 		
0x005B	0x07F9      	ADDWF      R9, 1
;__Lib_Math.c,461 :: 		
0x005C	0x0DF0      	RLF        R0, 1
;__Lib_Math.c,462 :: 		
0x005D	0x0DF1      	RLF        R1, 1
;__Lib_Math.c,464 :: 		
0x005E	0x0BFC      	DECFSZ     R12, 1
;__Lib_Math.c,465 :: 		
0x005F	0x284B      	GOTO       $-20
;__Lib_Math.c,467 :: 		
0x0060	0x1870      	BTFSC      R0, 0
;__Lib_Math.c,468 :: 		
0x0061	0x2868      	GOTO       $+7
;__Lib_Math.c,469 :: 		
0x0062	0x0874      	MOVF       R4, 0
;__Lib_Math.c,470 :: 		
0x0063	0x07F8      	ADDWF      R8, 1
;__Lib_Math.c,471 :: 		
0x0064	0x0875      	MOVF       R5, 0
;__Lib_Math.c,472 :: 		
0x0065	0x1803      	BTFSC      STATUS, 0
;__Lib_Math.c,473 :: 		
0x0066	0x0F75      	INCFSZ     R5, 0
;__Lib_Math.c,474 :: 		
0x0067	0x07F9      	ADDWF      R9, 1
;__Lib_Math.c,475 :: 		
0x0068	0x0000      	NOP
;__Lib_Math.c,477 :: 		
L_end_Div_16x16_S_L:
0x0069	0x0008      	RETURN
; end of _Div_16x16_S_L
_abs:
;__Lib_CStdlib.c,37 :: 		
;__Lib_CStdlib.c,38 :: 		
0x006A	0x3080      	MOVLW      128
0x006B	0x1283      	BCF        STATUS, 5
0x006C	0x1303      	BCF        STATUS, 6
0x006D	0x0630      	XORWF      FARG_abs_a+1, 0
0x006E	0x00F0      	MOVWF      R0
0x006F	0x3080      	MOVLW      128
0x0070	0x0270      	SUBWF      R0, 0
0x0071	0x1D03      	BTFSS      STATUS, 2
0x0072	0x2875      	GOTO       L__abs93
0x0073	0x3000      	MOVLW      0
0x0074	0x022F      	SUBWF      FARG_abs_a, 0
L__abs93:
0x0075	0x1803      	BTFSC      STATUS, 0
0x0076	0x2880      	GOTO       L_abs0
;__Lib_CStdlib.c,39 :: 		
0x0077	0x082F      	MOVF       FARG_abs_a, 0
0x0078	0x3C00      	SUBLW      0
0x0079	0x00F0      	MOVWF      R0
0x007A	0x0830      	MOVF       FARG_abs_a+1, 0
0x007B	0x1C03      	BTFSS      STATUS, 0
0x007C	0x3E01      	ADDLW      1
0x007D	0x01F1      	CLRF       R0+1
0x007E	0x02F1      	SUBWF      R0+1, 1
0x007F	0x2884      	GOTO       L_end_abs
L_abs0:
;__Lib_CStdlib.c,40 :: 		
0x0080	0x082F      	MOVF       FARG_abs_a, 0
0x0081	0x00F0      	MOVWF      R0
0x0082	0x0830      	MOVF       FARG_abs_a+1, 0
0x0083	0x00F1      	MOVWF      R0+1
;__Lib_CStdlib.c,41 :: 		
L_end_abs:
0x0084	0x0008      	RETURN
; end of _abs
_Div_16x16_S:
;__Lib_Math.c,479 :: 		
;__Lib_Math.c,487 :: 		
0x0085	0x1283      	BCF        STATUS, 5
0x0086	0x1303      	BCF        STATUS, 6
0x0087	0x0874      	MOVF       R4, 0
0x0088	0x3A00      	XORLW      0
0x0089	0x1D03      	BTFSS      STATUS, 2
0x008A	0x2894      	GOTO       L_Div_16x16_S0
;__Lib_Math.c,488 :: 		
0x008B	0x0875      	MOVF       R5, 0
0x008C	0x3A00      	XORLW      0
0x008D	0x1D03      	BTFSS      STATUS, 2
0x008E	0x2894      	GOTO       L_Div_16x16_S1
;__Lib_Math.c,489 :: 		
0x008F	0x30FF      	MOVLW      255
0x0090	0x00F0      	MOVWF      R0
;__Lib_Math.c,490 :: 		
0x0091	0x307F      	MOVLW      127
0x0092	0x00F1      	MOVWF      R1
;__Lib_Math.c,491 :: 		
0x0093	0x28ED      	GOTO       L_end_Div_16x16_S
;__Lib_Math.c,492 :: 		
L_Div_16x16_S1:
L_Div_16x16_S0:
;__Lib_Math.c,495 :: 		
0x0094	0x1283      	BCF        STATUS, 5
;__Lib_Math.c,496 :: 		
0x0095	0x1303      	BCF        STATUS, 6
;__Lib_Math.c,497 :: 		
0x0096	0x01FD      	CLRF       R13
;__Lib_Math.c,498 :: 		
0x0097	0x01F9      	CLRF       R9
;__Lib_Math.c,499 :: 		
0x0098	0x01F8      	CLRF       R8
;__Lib_Math.c,500 :: 		
0x0099	0x0871      	MOVF       R1, 0
;__Lib_Math.c,501 :: 		
0x009A	0x0470      	IORWF      R0, 0
;__Lib_Math.c,502 :: 		
0x009B	0x1903      	BTFSC      STATUS, 2
;__Lib_Math.c,503 :: 		
0x009C	0x3400      	RETLW      0
;__Lib_Math.c,505 :: 		
0x009D	0x0871      	MOVF       R1, 0
;__Lib_Math.c,506 :: 		
0x009E	0x0675      	XORWF      R5, 0
;__Lib_Math.c,507 :: 		
0x009F	0x00FA      	MOVWF      R10
;__Lib_Math.c,508 :: 		
0x00A0	0x1BFA      	BTFSC      R10, 7
;__Lib_Math.c,509 :: 		
0x00A1	0x09FD      	COMF       R13, 1
;__Lib_Math.c,511 :: 		
0x00A2	0x01FB      	CLRF       R11
;__Lib_Math.c,513 :: 		
0x00A3	0x1FF5      	BTFSS      R5, 7
;__Lib_Math.c,514 :: 		
0x00A4	0x28AA      	GOTO       $+6
;__Lib_Math.c,516 :: 		
0x00A5	0x09F4      	COMF       R4, 1
;__Lib_Math.c,517 :: 		
0x00A6	0x09F5      	COMF       R5, 1
;__Lib_Math.c,518 :: 		
0x00A7	0x0AF4      	INCF       R4, 1
;__Lib_Math.c,519 :: 		
0x00A8	0x1903      	BTFSC      STATUS, 2
;__Lib_Math.c,520 :: 		
0x00A9	0x0AF5      	INCF       R5, 1
;__Lib_Math.c,522 :: 		
0x00AA	0x1FF1      	BTFSS      R1, 7
;__Lib_Math.c,523 :: 		
0x00AB	0x28B1      	GOTO       $+6
;__Lib_Math.c,525 :: 		
0x00AC	0x09F0      	COMF       R0, 1
;__Lib_Math.c,526 :: 		
0x00AD	0x09F1      	COMF       R1, 1
;__Lib_Math.c,527 :: 		
0x00AE	0x0AF0      	INCF       R0, 1
;__Lib_Math.c,528 :: 		
0x00AF	0x1903      	BTFSC      STATUS, 2
;__Lib_Math.c,529 :: 		
0x00B0	0x0AF1      	INCF       R1, 1
;__Lib_Math.c,531 :: 		
0x00B1	0x0871      	MOVF       R1, 0
;__Lib_Math.c,532 :: 		
0x00B2	0x0475      	IORWF      R5, 0
;__Lib_Math.c,533 :: 		
0x00B3	0x00FA      	MOVWF      R10
;__Lib_Math.c,534 :: 		
0x00B4	0x1BFA      	BTFSC      R10, 7
;__Lib_Math.c,535 :: 		
0x00B5	0x28C6      	GOTO       $+17
;__Lib_Math.c,537 :: 		
0x00B6	0x203E      	CALL       _Div_16x16_S_L
;__Lib_Math.c,539 :: 		
0x00B7	0x187B      	BTFSC      R11, 0
;__Lib_Math.c,540 :: 		
0x00B8	0x28D9      	GOTO       $+33
;__Lib_Math.c,542 :: 		
0x00B9	0x1FFD      	BTFSS      R13, 7
;__Lib_Math.c,543 :: 		
0x00BA	0x3400      	RETLW      0
;__Lib_Math.c,545 :: 		
0x00BB	0x09F0      	COMF       R0, 1
;__Lib_Math.c,546 :: 		
0x00BC	0x09F1      	COMF       R1, 1
;__Lib_Math.c,547 :: 		
0x00BD	0x0AF0      	INCF       R0, 1
;__Lib_Math.c,548 :: 		
0x00BE	0x1903      	BTFSC      STATUS, 2
;__Lib_Math.c,549 :: 		
0x00BF	0x0AF1      	INCF       R1, 1
;__Lib_Math.c,551 :: 		
0x00C0	0x09F8      	COMF       R8, 1
;__Lib_Math.c,552 :: 		
0x00C1	0x09F9      	COMF       R9, 1
;__Lib_Math.c,553 :: 		
0x00C2	0x0AF8      	INCF       R8, 1
;__Lib_Math.c,554 :: 		
0x00C3	0x1903      	BTFSC      STATUS, 2
;__Lib_Math.c,555 :: 		
0x00C4	0x0AF9      	INCF       R9, 1
;__Lib_Math.c,557 :: 		
0x00C5	0x3400      	RETLW      0
;__Lib_Math.c,559 :: 		
0x00C6	0x1FF5      	BTFSS      R5, 7
;__Lib_Math.c,560 :: 		
0x00C7	0x28D5      	GOTO       $+14
;__Lib_Math.c,561 :: 		
0x00C8	0x1BF1      	BTFSC      R1, 7
;__Lib_Math.c,562 :: 		
0x00C9	0x28D1      	GOTO       $+8
;__Lib_Math.c,563 :: 		
0x00CA	0x0871      	MOVF       R1, 0
;__Lib_Math.c,564 :: 		
0x00CB	0x00F9      	MOVWF      R9
;__Lib_Math.c,565 :: 		
0x00CC	0x0870      	MOVF       R0, 0
;__Lib_Math.c,566 :: 		
0x00CD	0x00F8      	MOVWF      R8
;__Lib_Math.c,567 :: 		
0x00CE	0x01F1      	CLRF       R1
;__Lib_Math.c,568 :: 		
0x00CF	0x01F0      	CLRF       R0
;__Lib_Math.c,569 :: 		
0x00D0	0x28B9      	GOTO       $-23
;__Lib_Math.c,570 :: 		
0x00D1	0x01F1      	CLRF       R1
;__Lib_Math.c,571 :: 		
0x00D2	0x01F0      	CLRF       R0
;__Lib_Math.c,572 :: 		
0x00D3	0x0AF0      	INCF       R0, 1
;__Lib_Math.c,573 :: 		
0x00D4	0x3400      	RETLW      0
;__Lib_Math.c,575 :: 		
0x00D5	0x09F1      	COMF       R1, 1
;__Lib_Math.c,576 :: 		
0x00D6	0x09F0      	COMF       R0, 1
;__Lib_Math.c,577 :: 		
0x00D7	0x0AFB      	INCF       R11, 1
;__Lib_Math.c,578 :: 		
0x00D8	0x28B6      	GOTO       $-34
;__Lib_Math.c,580 :: 		
0x00D9	0x0AF8      	INCF       R8, 1
;__Lib_Math.c,581 :: 		
0x00DA	0x1903      	BTFSC      STATUS, 2
;__Lib_Math.c,582 :: 		
0x00DB	0x0AF9      	INCF       R9, 1
;__Lib_Math.c,583 :: 		
0x00DC	0x0874      	MOVF       R4, 0
;__Lib_Math.c,584 :: 		
0x00DD	0x0278      	SUBWF      R8, 0
;__Lib_Math.c,585 :: 		
0x00DE	0x1D03      	BTFSS      STATUS, 2
;__Lib_Math.c,586 :: 		
0x00DF	0x28B9      	GOTO       $-38
;__Lib_Math.c,587 :: 		
0x00E0	0x0875      	MOVF       R5, 0
;__Lib_Math.c,588 :: 		
0x00E1	0x0279      	SUBWF      R9, 0
;__Lib_Math.c,589 :: 		
0x00E2	0x1D03      	BTFSS      STATUS, 2
;__Lib_Math.c,590 :: 		
0x00E3	0x28B9      	GOTO       $-42
;__Lib_Math.c,591 :: 		
0x00E4	0x01F9      	CLRF       R9
;__Lib_Math.c,592 :: 		
0x00E5	0x01F8      	CLRF       R8
;__Lib_Math.c,593 :: 		
0x00E6	0x0AF0      	INCF       R0, 1
;__Lib_Math.c,594 :: 		
0x00E7	0x1903      	BTFSC      STATUS, 2
;__Lib_Math.c,595 :: 		
0x00E8	0x0AF1      	INCF       R1, 1
;__Lib_Math.c,596 :: 		
0x00E9	0x1FF1      	BTFSS      R1, 7
;__Lib_Math.c,597 :: 		
0x00EA	0x28B9      	GOTO       $-49
;__Lib_Math.c,598 :: 		
0x00EB	0x0000      	NOP
;__Lib_Math.c,599 :: 		
0x00EC	0x34FF      	RETLW      255
;__Lib_Math.c,601 :: 		
L_end_Div_16x16_S:
0x00ED	0x0008      	RETURN
; end of _Div_16x16_S
_____DoICP:
;__Lib_System.c,6 :: 		
;__Lib_System.c,9 :: 		
0x00EE	0x1283      	BCF        STATUS, 5
0x00EF	0x1303      	BCF        STATUS, 6
0x00F0	0x082C      	MOVF       ___DoICPAddr+1, 0
0x00F1	0x008A      	MOVWF      PCLATH
;__Lib_System.c,10 :: 		
0x00F2	0x082B      	MOVF       ___DoICPAddr, 0
0x00F3	0x0082      	MOVWF      PCL
;__Lib_System.c,12 :: 		
L_end_____DoICP:
0x00F4	0x0008      	RETURN
; end of _____DoICP
_Div_32x32_U:
;__Lib_Math.c,1317 :: 		
;__Lib_Math.c,1326 :: 		
;__Lib_Math.c,1328 :: 		
0x00F5	0x1283      	BCF        STATUS, 5
;__Lib_Math.c,1329 :: 		
0x00F6	0x1303      	BCF        STATUS, 6
;__Lib_Math.c,1330 :: 		
0x00F7	0x01FB      	CLRF       R11
;__Lib_Math.c,1331 :: 		
0x00F8	0x01FA      	CLRF       R10
;__Lib_Math.c,1332 :: 		
0x00F9	0x01F9      	CLRF       R9
;__Lib_Math.c,1333 :: 		
0x00FA	0x01F8      	CLRF       R8
;__Lib_Math.c,1335 :: 		
0x00FB	0x01A0      	CLRF       ___math_tempb
;__Lib_Math.c,1337 :: 		
0x00FC	0x0D73      	RLF        R3, 0
;__Lib_Math.c,1338 :: 		
0x00FD	0x0DF8      	RLF        R8, 1
;__Lib_Math.c,1339 :: 		
0x00FE	0x0874      	MOVF       R4, 0
;__Lib_Math.c,1340 :: 		
0x00FF	0x02F8      	SUBWF      R8, 1
;__Lib_Math.c,1341 :: 		
0x0100	0x0875      	MOVF       R5, 0
;__Lib_Math.c,1342 :: 		
0x0101	0x1C03      	BTFSS      STATUS, 0
;__Lib_Math.c,1343 :: 		
0x0102	0x0F75      	INCFSZ     R5, 0
;__Lib_Math.c,1344 :: 		
0x0103	0x02F9      	SUBWF      R9, 1
;__Lib_Math.c,1345 :: 		
0x0104	0x0876      	MOVF       R6, 0
;__Lib_Math.c,1346 :: 		
0x0105	0x1C03      	BTFSS      STATUS, 0
;__Lib_Math.c,1347 :: 		
0x0106	0x0F76      	INCFSZ     R6, 0
;__Lib_Math.c,1348 :: 		
0x0107	0x02FA      	SUBWF      R10, 1
;__Lib_Math.c,1349 :: 		
0x0108	0x0877      	MOVF       R7, 0
;__Lib_Math.c,1350 :: 		
0x0109	0x1C03      	BTFSS      STATUS, 0
;__Lib_Math.c,1351 :: 		
0x010A	0x0F77      	INCFSZ     R7, 0
;__Lib_Math.c,1352 :: 		
0x010B	0x02FB      	SUBWF      R11, 1
;__Lib_Math.c,1354 :: 		
0x010C	0x0100      	CLRW
;__Lib_Math.c,1355 :: 		
0x010D	0x1C03      	BTFSS      STATUS, 0
;__Lib_Math.c,1356 :: 		
0x010E	0x3001      	MOVLW      1
;__Lib_Math.c,1357 :: 		
0x010F	0x02A0      	SUBWF      ___math_tempb, 1
;__Lib_Math.c,1358 :: 		
0x0110	0x0DF3      	RLF        R3, 1
;__Lib_Math.c,1360 :: 		
0x0111	0x3007      	MOVLW      7
;__Lib_Math.c,1361 :: 		
0x0112	0x00FC      	MOVWF      R12
;__Lib_Math.c,1363 :: 		
LOOPU3232A:
;__Lib_Math.c,1364 :: 		
0x0113	0x0D73      	RLF        R3, 0
;__Lib_Math.c,1365 :: 		
0x0114	0x0DF8      	RLF        R8, 1
;__Lib_Math.c,1366 :: 		
0x0115	0x0DF9      	RLF        R9, 1
;__Lib_Math.c,1367 :: 		
0x0116	0x0DFA      	RLF        R10, 1
;__Lib_Math.c,1368 :: 		
0x0117	0x0DFB      	RLF        R11, 1
;__Lib_Math.c,1369 :: 		
0x0118	0x0DA0      	RLF        ___math_tempb, 1
;__Lib_Math.c,1370 :: 		
0x0119	0x0874      	MOVF       R4, 0
;__Lib_Math.c,1371 :: 		
0x011A	0x1C73      	BTFSS      R3, 0
;__Lib_Math.c,1372 :: 		
0x011B	0x292E      	GOTO       UADD22LA
;__Lib_Math.c,1374 :: 		
0x011C	0x02F8      	SUBWF      R8, 1
;__Lib_Math.c,1375 :: 		
0x011D	0x0875      	MOVF       R5, 0
;__Lib_Math.c,1376 :: 		
0x011E	0x1C03      	BTFSS      STATUS, 0
;__Lib_Math.c,1377 :: 		
0x011F	0x0F75      	INCFSZ     R5, 0
;__Lib_Math.c,1378 :: 		
0x0120	0x02F9      	SUBWF      R9, 1
;__Lib_Math.c,1379 :: 		
0x0121	0x0876      	MOVF       R6, 0
;__Lib_Math.c,1380 :: 		
0x0122	0x1C03      	BTFSS      STATUS, 0
;__Lib_Math.c,1381 :: 		
0x0123	0x0F76      	INCFSZ     R6, 0
;__Lib_Math.c,1382 :: 		
0x0124	0x02FA      	SUBWF      R10, 1
;__Lib_Math.c,1383 :: 		
0x0125	0x0877      	MOVF       R7, 0
;__Lib_Math.c,1384 :: 		
0x0126	0x1C03      	BTFSS      STATUS, 0
;__Lib_Math.c,1385 :: 		
0x0127	0x0F77      	INCFSZ     R7, 0
;__Lib_Math.c,1386 :: 		
0x0128	0x02FB      	SUBWF      R11, 1
;__Lib_Math.c,1387 :: 		
0x0129	0x0100      	CLRW
;__Lib_Math.c,1388 :: 		
0x012A	0x1C03      	BTFSS      STATUS, 0
;__Lib_Math.c,1389 :: 		
0x012B	0x3001      	MOVLW      1
;__Lib_Math.c,1390 :: 		
0x012C	0x02A0      	SUBWF      ___math_tempb, 1
;__Lib_Math.c,1391 :: 		
0x012D	0x293F      	GOTO       UOK22LA
;__Lib_Math.c,1393 :: 		
UADD22LA:
;__Lib_Math.c,1394 :: 		
0x012E	0x07F8      	ADDWF      R8, 1
;__Lib_Math.c,1395 :: 		
0x012F	0x0875      	MOVF       R5, 0
;__Lib_Math.c,1396 :: 		
0x0130	0x1803      	BTFSC      STATUS, 0
;__Lib_Math.c,1397 :: 		
0x0131	0x0F75      	INCFSZ     R5, 0
;__Lib_Math.c,1398 :: 		
0x0132	0x07F9      	ADDWF      R9, 1
;__Lib_Math.c,1399 :: 		
0x0133	0x0876      	MOVF       R6, 0
;__Lib_Math.c,1400 :: 		
0x0134	0x1803      	BTFSC      STATUS, 0
;__Lib_Math.c,1401 :: 		
0x0135	0x0F76      	INCFSZ     R6, 0
;__Lib_Math.c,1402 :: 		
0x0136	0x07FA      	ADDWF      R10, 1
;__Lib_Math.c,1403 :: 		
0x0137	0x0877      	MOVF       R7, 0
;__Lib_Math.c,1404 :: 		
0x0138	0x1803      	BTFSC      STATUS, 0
;__Lib_Math.c,1405 :: 		
0x0139	0x0F77      	INCFSZ     R7, 0
;__Lib_Math.c,1406 :: 		
0x013A	0x07FB      	ADDWF      R11, 1
;__Lib_Math.c,1407 :: 		
0x013B	0x0100      	CLRW
;__Lib_Math.c,1408 :: 		
0x013C	0x1803      	BTFSC      STATUS, 0
;__Lib_Math.c,1409 :: 		
0x013D	0x3001      	MOVLW      1
;__Lib_Math.c,1410 :: 		
0x013E	0x07A0      	ADDWF      ___math_tempb, 1
;__Lib_Math.c,1412 :: 		
UOK22LA:
;__Lib_Math.c,1413 :: 		
0x013F	0x0DF3      	RLF        R3, 1
;__Lib_Math.c,1415 :: 		
0x0140	0x0BFC      	DECFSZ     R12, 1
;__Lib_Math.c,1416 :: 		
0x0141	0x2913      	GOTO       LOOPU3232A
;__Lib_Math.c,1418 :: 		
0x0142	0x0D72      	RLF        R2, 0
;__Lib_Math.c,1419 :: 		
0x0143	0x0DF8      	RLF        R8, 1
;__Lib_Math.c,1420 :: 		
0x0144	0x0DF9      	RLF        R9, 1
;__Lib_Math.c,1421 :: 		
0x0145	0x0DFA      	RLF        R10, 1
;__Lib_Math.c,1422 :: 		
0x0146	0x0DFB      	RLF        R11, 1
;__Lib_Math.c,1423 :: 		
0x0147	0x0DA0      	RLF        ___math_tempb, 1
;__Lib_Math.c,1424 :: 		
0x0148	0x0874      	MOVF       R4, 0
;__Lib_Math.c,1425 :: 		
0x0149	0x1C73      	BTFSS      R3, 0
;__Lib_Math.c,1426 :: 		
0x014A	0x295D      	GOTO       UADD22L8
;__Lib_Math.c,1428 :: 		
0x014B	0x02F8      	SUBWF      R8, 1
;__Lib_Math.c,1429 :: 		
0x014C	0x0875      	MOVF       R5, 0
;__Lib_Math.c,1430 :: 		
0x014D	0x1C03      	BTFSS      STATUS, 0
;__Lib_Math.c,1431 :: 		
0x014E	0x0F75      	INCFSZ     R5, 0
;__Lib_Math.c,1432 :: 		
0x014F	0x02F9      	SUBWF      R9, 1
;__Lib_Math.c,1433 :: 		
0x0150	0x0876      	MOVF       R6, 0
;__Lib_Math.c,1434 :: 		
0x0151	0x1C03      	BTFSS      STATUS, 0
;__Lib_Math.c,1435 :: 		
0x0152	0x0F76      	INCFSZ     R6, 0
;__Lib_Math.c,1436 :: 		
0x0153	0x02FA      	SUBWF      R10, 1
;__Lib_Math.c,1437 :: 		
0x0154	0x0877      	MOVF       R7, 0
;__Lib_Math.c,1438 :: 		
0x0155	0x1C03      	BTFSS      STATUS, 0
;__Lib_Math.c,1439 :: 		
0x0156	0x0F77      	INCFSZ     R7, 0
;__Lib_Math.c,1440 :: 		
0x0157	0x02FB      	SUBWF      R11, 1
;__Lib_Math.c,1441 :: 		
0x0158	0x0100      	CLRW
;__Lib_Math.c,1442 :: 		
0x0159	0x1C03      	BTFSS      STATUS, 0
;__Lib_Math.c,1443 :: 		
0x015A	0x3001      	MOVLW      1
;__Lib_Math.c,1444 :: 		
0x015B	0x02A0      	SUBWF      ___math_tempb, 1
;__Lib_Math.c,1445 :: 		
0x015C	0x296E      	GOTO       UOK22L8
;__Lib_Math.c,1447 :: 		
UADD22L8:
;__Lib_Math.c,1448 :: 		
0x015D	0x07F8      	ADDWF      R8, 1
;__Lib_Math.c,1449 :: 		
0x015E	0x0875      	MOVF       R5, 0
;__Lib_Math.c,1450 :: 		
0x015F	0x1803      	BTFSC      STATUS, 0
;__Lib_Math.c,1451 :: 		
0x0160	0x0F75      	INCFSZ     R5, 0
;__Lib_Math.c,1452 :: 		
0x0161	0x07F9      	ADDWF      R9, 1
;__Lib_Math.c,1453 :: 		
0x0162	0x0876      	MOVF       R6, 0
;__Lib_Math.c,1454 :: 		
0x0163	0x1803      	BTFSC      STATUS, 0
;__Lib_Math.c,1455 :: 		
0x0164	0x0F76      	INCFSZ     R6, 0
;__Lib_Math.c,1456 :: 		
0x0165	0x07FA      	ADDWF      R10, 1
;__Lib_Math.c,1457 :: 		
0x0166	0x0877      	MOVF       R7, 0
;__Lib_Math.c,1458 :: 		
0x0167	0x1803      	BTFSC      STATUS, 0
;__Lib_Math.c,1459 :: 		
0x0168	0x0F77      	INCFSZ     R7, 0
;__Lib_Math.c,1460 :: 		
0x0169	0x07FB      	ADDWF      R11, 1
;__Lib_Math.c,1461 :: 		
0x016A	0x0100      	CLRW
;__Lib_Math.c,1462 :: 		
0x016B	0x1803      	BTFSC      STATUS, 0
;__Lib_Math.c,1463 :: 		
0x016C	0x3001      	MOVLW      1
;__Lib_Math.c,1464 :: 		
0x016D	0x07A0      	ADDWF      ___math_tempb, 1
;__Lib_Math.c,1466 :: 		
UOK22L8:
;__Lib_Math.c,1467 :: 		
0x016E	0x0DF2      	RLF        R2, 1
;__Lib_Math.c,1469 :: 		
0x016F	0x3007      	MOVLW      7
;__Lib_Math.c,1470 :: 		
0x0170	0x00FC      	MOVWF      R12
;__Lib_Math.c,1472 :: 		
LOOPU3232B:
;__Lib_Math.c,1473 :: 		
0x0171	0x0D72      	RLF        R2, 0
;__Lib_Math.c,1474 :: 		
0x0172	0x0DF8      	RLF        R8, 1
;__Lib_Math.c,1475 :: 		
0x0173	0x0DF9      	RLF        R9, 1
;__Lib_Math.c,1476 :: 		
0x0174	0x0DFA      	RLF        R10, 1
;__Lib_Math.c,1477 :: 		
0x0175	0x0DFB      	RLF        R11, 1
;__Lib_Math.c,1478 :: 		
0x0176	0x0DA0      	RLF        ___math_tempb, 1
;__Lib_Math.c,1479 :: 		
0x0177	0x0874      	MOVF       R4, 0
;__Lib_Math.c,1480 :: 		
0x0178	0x1C72      	BTFSS      R2, 0
;__Lib_Math.c,1481 :: 		
0x0179	0x298C      	GOTO       UADD22LB
;__Lib_Math.c,1483 :: 		
0x017A	0x02F8      	SUBWF      R8, 1
;__Lib_Math.c,1484 :: 		
0x017B	0x0875      	MOVF       R5, 0
;__Lib_Math.c,1485 :: 		
0x017C	0x1C03      	BTFSS      STATUS, 0
;__Lib_Math.c,1486 :: 		
0x017D	0x0F75      	INCFSZ     R5, 0
;__Lib_Math.c,1487 :: 		
0x017E	0x02F9      	SUBWF      R9, 1
;__Lib_Math.c,1488 :: 		
0x017F	0x0876      	MOVF       R6, 0
;__Lib_Math.c,1489 :: 		
0x0180	0x1C03      	BTFSS      STATUS, 0
;__Lib_Math.c,1490 :: 		
0x0181	0x0F76      	INCFSZ     R6, 0
;__Lib_Math.c,1491 :: 		
0x0182	0x02FA      	SUBWF      R10, 1
;__Lib_Math.c,1492 :: 		
0x0183	0x0877      	MOVF       R7, 0
;__Lib_Math.c,1493 :: 		
0x0184	0x1C03      	BTFSS      STATUS, 0
;__Lib_Math.c,1494 :: 		
0x0185	0x0F77      	INCFSZ     R7, 0
;__Lib_Math.c,1495 :: 		
0x0186	0x02FB      	SUBWF      R11, 1
;__Lib_Math.c,1496 :: 		
0x0187	0x0100      	CLRW
;__Lib_Math.c,1497 :: 		
0x0188	0x1C03      	BTFSS      STATUS, 0
;__Lib_Math.c,1498 :: 		
0x0189	0x3001      	MOVLW      1
;__Lib_Math.c,1499 :: 		
0x018A	0x02A0      	SUBWF      ___math_tempb, 1
;__Lib_Math.c,1500 :: 		
0x018B	0x299D      	GOTO       UOK22LB
;__Lib_Math.c,1502 :: 		
UADD22LB:
;__Lib_Math.c,1503 :: 		
0x018C	0x07F8      	ADDWF      R8, 1
;__Lib_Math.c,1504 :: 		
0x018D	0x0875      	MOVF       R5, 0
;__Lib_Math.c,1505 :: 		
0x018E	0x1803      	BTFSC      STATUS, 0
;__Lib_Math.c,1506 :: 		
0x018F	0x0F75      	INCFSZ     R5, 0
;__Lib_Math.c,1507 :: 		
0x0190	0x07F9      	ADDWF      R9, 1
;__Lib_Math.c,1508 :: 		
0x0191	0x0876      	MOVF       R6, 0
;__Lib_Math.c,1509 :: 		
0x0192	0x1803      	BTFSC      STATUS, 0
;__Lib_Math.c,1510 :: 		
0x0193	0x0F76      	INCFSZ     R6, 0
;__Lib_Math.c,1511 :: 		
0x0194	0x07FA      	ADDWF      R10, 1
;__Lib_Math.c,1512 :: 		
0x0195	0x0877      	MOVF       R7, 0
;__Lib_Math.c,1513 :: 		
0x0196	0x1803      	BTFSC      STATUS, 0
;__Lib_Math.c,1514 :: 		
0x0197	0x0F77      	INCFSZ     R7, 0
;__Lib_Math.c,1515 :: 		
0x0198	0x07FB      	ADDWF      R11, 1
;__Lib_Math.c,1516 :: 		
0x0199	0x0100      	CLRW
;__Lib_Math.c,1517 :: 		
0x019A	0x1803      	BTFSC      STATUS, 0
;__Lib_Math.c,1518 :: 		
0x019B	0x3001      	MOVLW      1
;__Lib_Math.c,1519 :: 		
0x019C	0x07A0      	ADDWF      ___math_tempb, 1
;__Lib_Math.c,1521 :: 		
UOK22LB:
;__Lib_Math.c,1522 :: 		
0x019D	0x0DF2      	RLF        R2, 1
;__Lib_Math.c,1524 :: 		
0x019E	0x0BFC      	DECFSZ     R12, 1
;__Lib_Math.c,1525 :: 		
0x019F	0x2971      	GOTO       LOOPU3232B
;__Lib_Math.c,1527 :: 		
0x01A0	0x0D71      	RLF        R1, 0
;__Lib_Math.c,1528 :: 		
0x01A1	0x0DF8      	RLF        R8, 1
;__Lib_Math.c,1529 :: 		
0x01A2	0x0DF9      	RLF        R9, 1
;__Lib_Math.c,1530 :: 		
0x01A3	0x0DFA      	RLF        R10, 1
;__Lib_Math.c,1531 :: 		
0x01A4	0x0DFB      	RLF        R11, 1
;__Lib_Math.c,1532 :: 		
0x01A5	0x0DA0      	RLF        ___math_tempb, 1
;__Lib_Math.c,1533 :: 		
0x01A6	0x0874      	MOVF       R4, 0
;__Lib_Math.c,1534 :: 		
0x01A7	0x1C72      	BTFSS      R2, 0
;__Lib_Math.c,1535 :: 		
0x01A8	0x29BB      	GOTO       UADD22L16
;__Lib_Math.c,1537 :: 		
0x01A9	0x02F8      	SUBWF      R8, 1
;__Lib_Math.c,1538 :: 		
0x01AA	0x0875      	MOVF       R5, 0
;__Lib_Math.c,1539 :: 		
0x01AB	0x1C03      	BTFSS      STATUS, 0
;__Lib_Math.c,1540 :: 		
0x01AC	0x0F75      	INCFSZ     R5, 0
;__Lib_Math.c,1541 :: 		
0x01AD	0x02F9      	SUBWF      R9, 1
;__Lib_Math.c,1542 :: 		
0x01AE	0x0876      	MOVF       R6, 0
;__Lib_Math.c,1543 :: 		
0x01AF	0x1C03      	BTFSS      STATUS, 0
;__Lib_Math.c,1544 :: 		
0x01B0	0x0F76      	INCFSZ     R6, 0
;__Lib_Math.c,1545 :: 		
0x01B1	0x02FA      	SUBWF      R10, 1
;__Lib_Math.c,1546 :: 		
0x01B2	0x0877      	MOVF       R7, 0
;__Lib_Math.c,1547 :: 		
0x01B3	0x1C03      	BTFSS      STATUS, 0
;__Lib_Math.c,1548 :: 		
0x01B4	0x0F77      	INCFSZ     R7, 0
;__Lib_Math.c,1549 :: 		
0x01B5	0x02FB      	SUBWF      R11, 1
;__Lib_Math.c,1550 :: 		
0x01B6	0x0100      	CLRW
;__Lib_Math.c,1551 :: 		
0x01B7	0x1C03      	BTFSS      STATUS, 0
;__Lib_Math.c,1552 :: 		
0x01B8	0x3001      	MOVLW      1
;__Lib_Math.c,1553 :: 		
0x01B9	0x02A0      	SUBWF      ___math_tempb, 1
;__Lib_Math.c,1554 :: 		
0x01BA	0x29CC      	GOTO       UOK22L16
;__Lib_Math.c,1556 :: 		
UADD22L16:
;__Lib_Math.c,1557 :: 		
0x01BB	0x07F8      	ADDWF      R8, 1
;__Lib_Math.c,1558 :: 		
0x01BC	0x0875      	MOVF       R5, 0
;__Lib_Math.c,1559 :: 		
0x01BD	0x1803      	BTFSC      STATUS, 0
;__Lib_Math.c,1560 :: 		
0x01BE	0x0F75      	INCFSZ     R5, 0
;__Lib_Math.c,1561 :: 		
0x01BF	0x07F9      	ADDWF      R9, 1
;__Lib_Math.c,1562 :: 		
0x01C0	0x0876      	MOVF       R6, 0
;__Lib_Math.c,1563 :: 		
0x01C1	0x1803      	BTFSC      STATUS, 0
;__Lib_Math.c,1564 :: 		
0x01C2	0x0F76      	INCFSZ     R6, 0
;__Lib_Math.c,1565 :: 		
0x01C3	0x07FA      	ADDWF      R10, 1
;__Lib_Math.c,1566 :: 		
0x01C4	0x0877      	MOVF       R7, 0
;__Lib_Math.c,1567 :: 		
0x01C5	0x1803      	BTFSC      STATUS, 0
;__Lib_Math.c,1568 :: 		
0x01C6	0x0F77      	INCFSZ     R7, 0
;__Lib_Math.c,1569 :: 		
0x01C7	0x07FB      	ADDWF      R11, 1
;__Lib_Math.c,1570 :: 		
0x01C8	0x0100      	CLRW
;__Lib_Math.c,1571 :: 		
0x01C9	0x1803      	BTFSC      STATUS, 0
;__Lib_Math.c,1572 :: 		
0x01CA	0x3001      	MOVLW      1
;__Lib_Math.c,1573 :: 		
0x01CB	0x07A0      	ADDWF      ___math_tempb, 1
;__Lib_Math.c,1575 :: 		
UOK22L16:
;__Lib_Math.c,1576 :: 		
0x01CC	0x0DF1      	RLF        R1, 1
;__Lib_Math.c,1578 :: 		
0x01CD	0x3007      	MOVLW      7
;__Lib_Math.c,1579 :: 		
0x01CE	0x00FC      	MOVWF      R12
;__Lib_Math.c,1581 :: 		
LOOPU3232C:
;__Lib_Math.c,1582 :: 		
0x01CF	0x0D71      	RLF        R1, 0
;__Lib_Math.c,1583 :: 		
0x01D0	0x0DF8      	RLF        R8, 1
;__Lib_Math.c,1584 :: 		
0x01D1	0x0DF9      	RLF        R9, 1
;__Lib_Math.c,1585 :: 		
0x01D2	0x0DFA      	RLF        R10, 1
;__Lib_Math.c,1586 :: 		
0x01D3	0x0DFB      	RLF        R11, 1
;__Lib_Math.c,1587 :: 		
0x01D4	0x0DA0      	RLF        ___math_tempb, 1
;__Lib_Math.c,1588 :: 		
0x01D5	0x0874      	MOVF       R4, 0
;__Lib_Math.c,1589 :: 		
0x01D6	0x1C71      	BTFSS      R1, 0
;__Lib_Math.c,1590 :: 		
0x01D7	0x29EA      	GOTO       UADD22LC
;__Lib_Math.c,1592 :: 		
0x01D8	0x02F8      	SUBWF      R8, 1
;__Lib_Math.c,1593 :: 		
0x01D9	0x0875      	MOVF       R5, 0
;__Lib_Math.c,1594 :: 		
0x01DA	0x1C03      	BTFSS      STATUS, 0
;__Lib_Math.c,1595 :: 		
0x01DB	0x0F75      	INCFSZ     R5, 0
;__Lib_Math.c,1596 :: 		
0x01DC	0x02F9      	SUBWF      R9, 1
;__Lib_Math.c,1597 :: 		
0x01DD	0x0876      	MOVF       R6, 0
;__Lib_Math.c,1598 :: 		
0x01DE	0x1C03      	BTFSS      STATUS, 0
;__Lib_Math.c,1599 :: 		
0x01DF	0x0F76      	INCFSZ     R6, 0
;__Lib_Math.c,1600 :: 		
0x01E0	0x02FA      	SUBWF      R10, 1
;__Lib_Math.c,1601 :: 		
0x01E1	0x0877      	MOVF       R7, 0
;__Lib_Math.c,1602 :: 		
0x01E2	0x1C03      	BTFSS      STATUS, 0
;__Lib_Math.c,1603 :: 		
0x01E3	0x0F77      	INCFSZ     R7, 0
;__Lib_Math.c,1604 :: 		
0x01E4	0x02FB      	SUBWF      R11, 1
;__Lib_Math.c,1605 :: 		
0x01E5	0x0100      	CLRW
;__Lib_Math.c,1606 :: 		
0x01E6	0x1C03      	BTFSS      STATUS, 0
;__Lib_Math.c,1607 :: 		
0x01E7	0x3001      	MOVLW      1
;__Lib_Math.c,1608 :: 		
0x01E8	0x02A0      	SUBWF      ___math_tempb, 1
;__Lib_Math.c,1609 :: 		
0x01E9	0x29FB      	GOTO       UOK22LC
;__Lib_Math.c,1611 :: 		
UADD22LC:
;__Lib_Math.c,1612 :: 		
0x01EA	0x07F8      	ADDWF      R8, 1
;__Lib_Math.c,1613 :: 		
0x01EB	0x0875      	MOVF       R5, 0
;__Lib_Math.c,1614 :: 		
0x01EC	0x1803      	BTFSC      STATUS, 0
;__Lib_Math.c,1615 :: 		
0x01ED	0x0F75      	INCFSZ     R5, 0
;__Lib_Math.c,1616 :: 		
0x01EE	0x07F9      	ADDWF      R9, 1
;__Lib_Math.c,1617 :: 		
0x01EF	0x0876      	MOVF       R6, 0
;__Lib_Math.c,1618 :: 		
0x01F0	0x1803      	BTFSC      STATUS, 0
;__Lib_Math.c,1619 :: 		
0x01F1	0x0F76      	INCFSZ     R6, 0
;__Lib_Math.c,1620 :: 		
0x01F2	0x07FA      	ADDWF      R10, 1
;__Lib_Math.c,1621 :: 		
0x01F3	0x0877      	MOVF       R7, 0
;__Lib_Math.c,1622 :: 		
0x01F4	0x1803      	BTFSC      STATUS, 0
;__Lib_Math.c,1623 :: 		
0x01F5	0x0F77      	INCFSZ     R7, 0
;__Lib_Math.c,1624 :: 		
0x01F6	0x07FB      	ADDWF      R11, 1
;__Lib_Math.c,1625 :: 		
0x01F7	0x0100      	CLRW
;__Lib_Math.c,1626 :: 		
0x01F8	0x1803      	BTFSC      STATUS, 0
;__Lib_Math.c,1627 :: 		
0x01F9	0x3001      	MOVLW      1
;__Lib_Math.c,1628 :: 		
0x01FA	0x07A0      	ADDWF      ___math_tempb, 1
;__Lib_Math.c,1630 :: 		
UOK22LC:
;__Lib_Math.c,1631 :: 		
0x01FB	0x0DF1      	RLF        R1, 1
;__Lib_Math.c,1633 :: 		
0x01FC	0x0BFC      	DECFSZ     R12, 1
;__Lib_Math.c,1634 :: 		
0x01FD	0x29CF      	GOTO       LOOPU3232C
;__Lib_Math.c,1636 :: 		
0x01FE	0x0D70      	RLF        R0, 0
;__Lib_Math.c,1637 :: 		
0x01FF	0x0DF8      	RLF        R8, 1
;__Lib_Math.c,1638 :: 		
0x0200	0x0DF9      	RLF        R9, 1
;__Lib_Math.c,1639 :: 		
0x0201	0x0DFA      	RLF        R10, 1
;__Lib_Math.c,1640 :: 		
0x0202	0x0DFB      	RLF        R11, 1
;__Lib_Math.c,1641 :: 		
0x0203	0x0DA0      	RLF        ___math_tempb, 1
;__Lib_Math.c,1642 :: 		
0x0204	0x0874      	MOVF       R4, 0
;__Lib_Math.c,1643 :: 		
0x0205	0x1C71      	BTFSS      R1, 0
;__Lib_Math.c,1644 :: 		
0x0206	0x2A19      	GOTO       UADD22L24
;__Lib_Math.c,1646 :: 		
0x0207	0x02F8      	SUBWF      R8, 1
;__Lib_Math.c,1647 :: 		
0x0208	0x0875      	MOVF       R5, 0
;__Lib_Math.c,1648 :: 		
0x0209	0x1C03      	BTFSS      STATUS, 0
;__Lib_Math.c,1649 :: 		
0x020A	0x0F75      	INCFSZ     R5, 0
;__Lib_Math.c,1650 :: 		
0x020B	0x02F9      	SUBWF      R9, 1
;__Lib_Math.c,1651 :: 		
0x020C	0x0876      	MOVF       R6, 0
;__Lib_Math.c,1652 :: 		
0x020D	0x1C03      	BTFSS      STATUS, 0
;__Lib_Math.c,1653 :: 		
0x020E	0x0F76      	INCFSZ     R6, 0
;__Lib_Math.c,1654 :: 		
0x020F	0x02FA      	SUBWF      R10, 1
;__Lib_Math.c,1655 :: 		
0x0210	0x0877      	MOVF       R7, 0
;__Lib_Math.c,1656 :: 		
0x0211	0x1C03      	BTFSS      STATUS, 0
;__Lib_Math.c,1657 :: 		
0x0212	0x0F77      	INCFSZ     R7, 0
;__Lib_Math.c,1658 :: 		
0x0213	0x02FB      	SUBWF      R11, 1
;__Lib_Math.c,1659 :: 		
0x0214	0x0100      	CLRW
;__Lib_Math.c,1660 :: 		
0x0215	0x1C03      	BTFSS      STATUS, 0
;__Lib_Math.c,1661 :: 		
0x0216	0x3001      	MOVLW      1
;__Lib_Math.c,1662 :: 		
0x0217	0x02A0      	SUBWF      ___math_tempb, 1
;__Lib_Math.c,1663 :: 		
0x0218	0x2A2A      	GOTO       UOK22L24
;__Lib_Math.c,1665 :: 		
UADD22L24:
;__Lib_Math.c,1666 :: 		
0x0219	0x07F8      	ADDWF      R8, 1
;__Lib_Math.c,1667 :: 		
0x021A	0x0875      	MOVF       R5, 0
;__Lib_Math.c,1668 :: 		
0x021B	0x1803      	BTFSC      STATUS, 0
;__Lib_Math.c,1669 :: 		
0x021C	0x0F75      	INCFSZ     R5, 0
;__Lib_Math.c,1670 :: 		
0x021D	0x07F9      	ADDWF      R9, 1
;__Lib_Math.c,1671 :: 		
0x021E	0x0876      	MOVF       R6, 0
;__Lib_Math.c,1672 :: 		
0x021F	0x1803      	BTFSC      STATUS, 0
;__Lib_Math.c,1673 :: 		
0x0220	0x0F76      	INCFSZ     R6, 0
;__Lib_Math.c,1674 :: 		
0x0221	0x07FA      	ADDWF      R10, 1
;__Lib_Math.c,1675 :: 		
0x0222	0x0877      	MOVF       R7, 0
;__Lib_Math.c,1676 :: 		
0x0223	0x1803      	BTFSC      STATUS, 0
;__Lib_Math.c,1677 :: 		
0x0224	0x0F77      	INCFSZ     R7, 0
;__Lib_Math.c,1678 :: 		
0x0225	0x07FB      	ADDWF      R11, 1
;__Lib_Math.c,1679 :: 		
0x0226	0x0100      	CLRW
;__Lib_Math.c,1680 :: 		
0x0227	0x1803      	BTFSC      STATUS, 0
;__Lib_Math.c,1681 :: 		
0x0228	0x3001      	MOVLW      1
;__Lib_Math.c,1682 :: 		
0x0229	0x07A0      	ADDWF      ___math_tempb, 1
;__Lib_Math.c,1684 :: 		
UOK22L24:
;__Lib_Math.c,1685 :: 		
0x022A	0x0DF0      	RLF        R0, 1
;__Lib_Math.c,1687 :: 		
0x022B	0x3007      	MOVLW      7
;__Lib_Math.c,1688 :: 		
0x022C	0x00FC      	MOVWF      R12
;__Lib_Math.c,1690 :: 		
LOOPU3232D:
;__Lib_Math.c,1691 :: 		
0x022D	0x0D70      	RLF        R0, 0
;__Lib_Math.c,1692 :: 		
0x022E	0x0DF8      	RLF        R8, 1
;__Lib_Math.c,1693 :: 		
0x022F	0x0DF9      	RLF        R9, 1
;__Lib_Math.c,1694 :: 		
0x0230	0x0DFA      	RLF        R10, 1
;__Lib_Math.c,1695 :: 		
0x0231	0x0DFB      	RLF        R11, 1
;__Lib_Math.c,1696 :: 		
0x0232	0x0DA0      	RLF        ___math_tempb, 1
;__Lib_Math.c,1697 :: 		
0x0233	0x0874      	MOVF       R4, 0
;__Lib_Math.c,1698 :: 		
0x0234	0x1C70      	BTFSS      R0, 0
;__Lib_Math.c,1699 :: 		
0x0235	0x2A48      	GOTO       UADD22LD
;__Lib_Math.c,1701 :: 		
0x0236	0x02F8      	SUBWF      R8, 1
;__Lib_Math.c,1702 :: 		
0x0237	0x0875      	MOVF       R5, 0
;__Lib_Math.c,1703 :: 		
0x0238	0x1C03      	BTFSS      STATUS, 0
;__Lib_Math.c,1704 :: 		
0x0239	0x0F75      	INCFSZ     R5, 0
;__Lib_Math.c,1705 :: 		
0x023A	0x02F9      	SUBWF      R9, 1
;__Lib_Math.c,1706 :: 		
0x023B	0x0876      	MOVF       R6, 0
;__Lib_Math.c,1707 :: 		
0x023C	0x1C03      	BTFSS      STATUS, 0
;__Lib_Math.c,1708 :: 		
0x023D	0x0F76      	INCFSZ     R6, 0
;__Lib_Math.c,1709 :: 		
0x023E	0x02FA      	SUBWF      R10, 1
;__Lib_Math.c,1710 :: 		
0x023F	0x0877      	MOVF       R7, 0
;__Lib_Math.c,1711 :: 		
0x0240	0x1C03      	BTFSS      STATUS, 0
;__Lib_Math.c,1712 :: 		
0x0241	0x0F77      	INCFSZ     R7, 0
;__Lib_Math.c,1713 :: 		
0x0242	0x02FB      	SUBWF      R11, 1
;__Lib_Math.c,1714 :: 		
0x0243	0x0100      	CLRW
;__Lib_Math.c,1715 :: 		
0x0244	0x1C03      	BTFSS      STATUS, 0
;__Lib_Math.c,1716 :: 		
0x0245	0x3001      	MOVLW      1
;__Lib_Math.c,1717 :: 		
0x0246	0x02A0      	SUBWF      ___math_tempb, 1
;__Lib_Math.c,1718 :: 		
0x0247	0x2A59      	GOTO       UOK22LD
;__Lib_Math.c,1720 :: 		
UADD22LD:
;__Lib_Math.c,1721 :: 		
0x0248	0x07F8      	ADDWF      R8, 1
;__Lib_Math.c,1722 :: 		
0x0249	0x0875      	MOVF       R5, 0
;__Lib_Math.c,1723 :: 		
0x024A	0x1803      	BTFSC      STATUS, 0
;__Lib_Math.c,1724 :: 		
0x024B	0x0F75      	INCFSZ     R5, 0
;__Lib_Math.c,1725 :: 		
0x024C	0x07F9      	ADDWF      R9, 1
;__Lib_Math.c,1726 :: 		
0x024D	0x0876      	MOVF       R6, 0
;__Lib_Math.c,1727 :: 		
0x024E	0x1803      	BTFSC      STATUS, 0
;__Lib_Math.c,1728 :: 		
0x024F	0x0F76      	INCFSZ     R6, 0
;__Lib_Math.c,1729 :: 		
0x0250	0x07FA      	ADDWF      R10, 1
;__Lib_Math.c,1730 :: 		
0x0251	0x0877      	MOVF       R7, 0
;__Lib_Math.c,1731 :: 		
0x0252	0x1803      	BTFSC      STATUS, 0
;__Lib_Math.c,1732 :: 		
0x0253	0x0F77      	INCFSZ     R7, 0
;__Lib_Math.c,1733 :: 		
0x0254	0x07FB      	ADDWF      R11, 1
;__Lib_Math.c,1734 :: 		
0x0255	0x0100      	CLRW
;__Lib_Math.c,1735 :: 		
0x0256	0x1803      	BTFSC      STATUS, 0
;__Lib_Math.c,1736 :: 		
0x0257	0x3001      	MOVLW      1
;__Lib_Math.c,1737 :: 		
0x0258	0x07A0      	ADDWF      ___math_tempb, 1
;__Lib_Math.c,1739 :: 		
UOK22LD:
;__Lib_Math.c,1740 :: 		
0x0259	0x0DF0      	RLF        R0, 1
;__Lib_Math.c,1742 :: 		
0x025A	0x0BFC      	DECFSZ     R12, 1
;__Lib_Math.c,1743 :: 		
0x025B	0x2A2D      	GOTO       LOOPU3232D
;__Lib_Math.c,1745 :: 		
0x025C	0x1870      	BTFSC      R0, 0
;__Lib_Math.c,1746 :: 		
0x025D	0x2A6C      	GOTO       UOK22L
;__Lib_Math.c,1747 :: 		
0x025E	0x0874      	MOVF       R4, 0
;__Lib_Math.c,1748 :: 		
0x025F	0x07F8      	ADDWF      R8, 1
;__Lib_Math.c,1749 :: 		
0x0260	0x0875      	MOVF       R5, 0
;__Lib_Math.c,1750 :: 		
0x0261	0x1803      	BTFSC      STATUS, 0
;__Lib_Math.c,1751 :: 		
0x0262	0x0F75      	INCFSZ     R5, 0
;__Lib_Math.c,1752 :: 		
0x0263	0x07F9      	ADDWF      R9, 1
;__Lib_Math.c,1753 :: 		
0x0264	0x0876      	MOVF       R6, 0
;__Lib_Math.c,1754 :: 		
0x0265	0x1803      	BTFSC      STATUS, 0
;__Lib_Math.c,1755 :: 		
0x0266	0x0F76      	INCFSZ     R6, 0
;__Lib_Math.c,1756 :: 		
0x0267	0x07FA      	ADDWF      R10, 1
;__Lib_Math.c,1757 :: 		
0x0268	0x0877      	MOVF       R7, 0
;__Lib_Math.c,1758 :: 		
0x0269	0x1803      	BTFSC      STATUS, 0
;__Lib_Math.c,1759 :: 		
0x026A	0x0F77      	INCFSZ     R7, 0
;__Lib_Math.c,1760 :: 		
0x026B	0x07FB      	ADDWF      R11, 1
;__Lib_Math.c,1762 :: 		
UOK22L:
;__Lib_Math.c,1765 :: 		
L_end_Div_32x32_U:
0x026C	0x0008      	RETURN
; end of _Div_32x32_U
_main_seq:
;final traffic lights.c,26 :: 		void main_seq()   {
;final traffic lights.c,27 :: 		if (secs < 6) {
0x026D	0x3080      	MOVLW      128
0x026E	0x1283      	BCF        STATUS, 5
0x026F	0x1303      	BCF        STATUS, 6
0x0270	0x0626      	XORWF      _secs+1, 0
0x0271	0x00F0      	MOVWF      R0
0x0272	0x3080      	MOVLW      128
0x0273	0x0270      	SUBWF      R0, 0
0x0274	0x1D03      	BTFSS      STATUS, 2
0x0275	0x2A78      	GOTO       L__main_seq17
0x0276	0x3006      	MOVLW      6
0x0277	0x0225      	SUBWF      _secs, 0
L__main_seq17:
0x0278	0x1803      	BTFSC      STATUS, 0
0x0279	0x2ABD      	GOTO       L_main_seq1
;final traffic lights.c,28 :: 		RED= 1;
0x027A	0x1407      	BSF        PORTC, 0
;final traffic lights.c,29 :: 		YELLOW= 0;
0x027B	0x1107      	BCF        PORTC, 2
;final traffic lights.c,30 :: 		GREEN= 0;
0x027C	0x1087      	BCF        PORTC, 1
;final traffic lights.c,32 :: 		PORTB = segmenthex[reverse[secs%10]];
0x027D	0x300A      	MOVLW      10
0x027E	0x00F4      	MOVWF      R4
0x027F	0x3000      	MOVLW      0
0x0280	0x00F5      	MOVWF      R4+1
0x0281	0x0825      	MOVF       _secs, 0
0x0282	0x00F0      	MOVWF      R0
0x0283	0x0826      	MOVF       _secs+1, 0
0x0284	0x00F1      	MOVWF      R0+1
0x0285	0x2085      	CALL       _Div_16x16_S
0x0286	0x0878      	MOVF       R8, 0
0x0287	0x00F0      	MOVWF      R0
0x0288	0x0879      	MOVF       R8+1, 0
0x0289	0x00F1      	MOVWF      R0+1
0x028A	0x0870      	MOVF       R0, 0
0x028B	0x00F2      	MOVWF      R2
0x028C	0x0871      	MOVF       R0+1, 0
0x028D	0x00F3      	MOVWF      R2+1
0x028E	0x0DF2      	RLF        R2, 1
0x028F	0x0DF3      	RLF        R2+1, 1
0x0290	0x1072      	BCF        R2, 0
0x0291	0x0872      	MOVF       R2, 0
0x0292	0x3E1A      	ADDLW      _reverse
0x0293	0x00F0      	MOVWF      R0
0x0294	0x3004      	MOVLW      hi_addr(_reverse)
0x0295	0x1803      	BTFSC      STATUS, 0
0x0296	0x3E01      	ADDLW      1
0x0297	0x0773      	ADDWF      R2+1, 0
0x0298	0x00F1      	MOVWF      R0+1
0x0299	0x0870      	MOVF       R0, 0
0x029A	0x00AB      	MOVWF      ___DoICPAddr
0x029B	0x0871      	MOVF       R0+1, 0
0x029C	0x00AC      	MOVWF      ___DoICPAddr+1
0x029D	0x20EE      	CALL       _____DoICP
0x029E	0x118A      	BCF        PCLATH, 3
0x029F	0x120A      	BCF        PCLATH, 4
0x02A0	0x00F3      	MOVWF      R3
0x02A1	0x0AAB      	INCF       ___DoICPAddr, 1
0x02A2	0x1903      	BTFSC      STATUS, 2
0x02A3	0x0AAC      	INCF       ___DoICPAddr+1, 1
0x02A4	0x20EE      	CALL       _____DoICP
0x02A5	0x118A      	BCF        PCLATH, 3
0x02A6	0x120A      	BCF        PCLATH, 4
0x02A7	0x00F4      	MOVWF      R3+1
0x02A8	0x0873      	MOVF       R3, 0
0x02A9	0x00F0      	MOVWF      R0
0x02AA	0x0874      	MOVF       R3+1, 0
0x02AB	0x00F1      	MOVWF      R0+1
0x02AC	0x0DF0      	RLF        R0, 1
0x02AD	0x0DF1      	RLF        R0+1, 1
0x02AE	0x1070      	BCF        R0, 0
0x02AF	0x3004      	MOVLW      _segmenthex
0x02B0	0x07F0      	ADDWF      R0, 1
0x02B1	0x3004      	MOVLW      hi_addr(_segmenthex)
0x02B2	0x1803      	BTFSC      STATUS, 0
0x02B3	0x3E01      	ADDLW      1
0x02B4	0x07F1      	ADDWF      R0+1, 1
0x02B5	0x0870      	MOVF       R0, 0
0x02B6	0x00AB      	MOVWF      ___DoICPAddr
0x02B7	0x0871      	MOVF       R0+1, 0
0x02B8	0x00AC      	MOVWF      ___DoICPAddr+1
0x02B9	0x20EE      	CALL       _____DoICP
0x02BA	0x118A      	BCF        PCLATH, 3
0x02BB	0x120A      	BCF        PCLATH, 4
0x02BC	0x0086      	MOVWF      PORTB
;final traffic lights.c,33 :: 		}
L_main_seq1:
;final traffic lights.c,34 :: 		if (secs >= 6 && secs < 9) {
0x02BD	0x3080      	MOVLW      128
0x02BE	0x0626      	XORWF      _secs+1, 0
0x02BF	0x00F0      	MOVWF      R0
0x02C0	0x3080      	MOVLW      128
0x02C1	0x0270      	SUBWF      R0, 0
0x02C2	0x1D03      	BTFSS      STATUS, 2
0x02C3	0x2AC6      	GOTO       L__main_seq18
0x02C4	0x3006      	MOVLW      6
0x02C5	0x0225      	SUBWF      _secs, 0
L__main_seq18:
0x02C6	0x1C03      	BTFSS      STATUS, 0
0x02C7	0x2B16      	GOTO       L_main_seq4
0x02C8	0x3080      	MOVLW      128
0x02C9	0x0626      	XORWF      _secs+1, 0
0x02CA	0x00F0      	MOVWF      R0
0x02CB	0x3080      	MOVLW      128
0x02CC	0x0270      	SUBWF      R0, 0
0x02CD	0x1D03      	BTFSS      STATUS, 2
0x02CE	0x2AD1      	GOTO       L__main_seq19
0x02CF	0x3009      	MOVLW      9
0x02D0	0x0225      	SUBWF      _secs, 0
L__main_seq19:
0x02D1	0x1803      	BTFSC      STATUS, 0
0x02D2	0x2B16      	GOTO       L_main_seq4
L__main_seq13:
;final traffic lights.c,35 :: 		RED= 1;
0x02D3	0x1407      	BSF        PORTC, 0
;final traffic lights.c,36 :: 		YELLOW= 0;
0x02D4	0x1107      	BCF        PORTC, 2
;final traffic lights.c,37 :: 		GREEN= 0;
0x02D5	0x1087      	BCF        PORTC, 1
;final traffic lights.c,40 :: 		PORTB = segmenthex[reverse[secs%10]];
0x02D6	0x300A      	MOVLW      10
0x02D7	0x00F4      	MOVWF      R4
0x02D8	0x3000      	MOVLW      0
0x02D9	0x00F5      	MOVWF      R4+1
0x02DA	0x0825      	MOVF       _secs, 0
0x02DB	0x00F0      	MOVWF      R0
0x02DC	0x0826      	MOVF       _secs+1, 0
0x02DD	0x00F1      	MOVWF      R0+1
0x02DE	0x2085      	CALL       _Div_16x16_S
0x02DF	0x0878      	MOVF       R8, 0
0x02E0	0x00F0      	MOVWF      R0
0x02E1	0x0879      	MOVF       R8+1, 0
0x02E2	0x00F1      	MOVWF      R0+1
0x02E3	0x0870      	MOVF       R0, 0
0x02E4	0x00F2      	MOVWF      R2
0x02E5	0x0871      	MOVF       R0+1, 0
0x02E6	0x00F3      	MOVWF      R2+1
0x02E7	0x0DF2      	RLF        R2, 1
0x02E8	0x0DF3      	RLF        R2+1, 1
0x02E9	0x1072      	BCF        R2, 0
0x02EA	0x0872      	MOVF       R2, 0
0x02EB	0x3E1A      	ADDLW      _reverse
0x02EC	0x00F0      	MOVWF      R0
0x02ED	0x3004      	MOVLW      hi_addr(_reverse)
0x02EE	0x1803      	BTFSC      STATUS, 0
0x02EF	0x3E01      	ADDLW      1
0x02F0	0x0773      	ADDWF      R2+1, 0
0x02F1	0x00F1      	MOVWF      R0+1
0x02F2	0x0870      	MOVF       R0, 0
0x02F3	0x00AB      	MOVWF      ___DoICPAddr
0x02F4	0x0871      	MOVF       R0+1, 0
0x02F5	0x00AC      	MOVWF      ___DoICPAddr+1
0x02F6	0x20EE      	CALL       _____DoICP
0x02F7	0x118A      	BCF        PCLATH, 3
0x02F8	0x120A      	BCF        PCLATH, 4
0x02F9	0x00F3      	MOVWF      R3
0x02FA	0x0AAB      	INCF       ___DoICPAddr, 1
0x02FB	0x1903      	BTFSC      STATUS, 2
0x02FC	0x0AAC      	INCF       ___DoICPAddr+1, 1
0x02FD	0x20EE      	CALL       _____DoICP
0x02FE	0x118A      	BCF        PCLATH, 3
0x02FF	0x120A      	BCF        PCLATH, 4
0x0300	0x00F4      	MOVWF      R3+1
0x0301	0x0873      	MOVF       R3, 0
0x0302	0x00F0      	MOVWF      R0
0x0303	0x0874      	MOVF       R3+1, 0
0x0304	0x00F1      	MOVWF      R0+1
0x0305	0x0DF0      	RLF        R0, 1
0x0306	0x0DF1      	RLF        R0+1, 1
0x0307	0x1070      	BCF        R0, 0
0x0308	0x3004      	MOVLW      _segmenthex
0x0309	0x07F0      	ADDWF      R0, 1
0x030A	0x3004      	MOVLW      hi_addr(_segmenthex)
0x030B	0x1803      	BTFSC      STATUS, 0
0x030C	0x3E01      	ADDLW      1
0x030D	0x07F1      	ADDWF      R0+1, 1
0x030E	0x0870      	MOVF       R0, 0
0x030F	0x00AB      	MOVWF      ___DoICPAddr
0x0310	0x0871      	MOVF       R0+1, 0
0x0311	0x00AC      	MOVWF      ___DoICPAddr+1
0x0312	0x20EE      	CALL       _____DoICP
0x0313	0x118A      	BCF        PCLATH, 3
0x0314	0x120A      	BCF        PCLATH, 4
0x0315	0x0086      	MOVWF      PORTB
;final traffic lights.c,41 :: 		}
L_main_seq4:
;final traffic lights.c,42 :: 		if (secs >= 9 && secs < 15) {
0x0316	0x3080      	MOVLW      128
0x0317	0x0626      	XORWF      _secs+1, 0
0x0318	0x00F0      	MOVWF      R0
0x0319	0x3080      	MOVLW      128
0x031A	0x0270      	SUBWF      R0, 0
0x031B	0x1D03      	BTFSS      STATUS, 2
0x031C	0x2B1F      	GOTO       L__main_seq20
0x031D	0x3009      	MOVLW      9
0x031E	0x0225      	SUBWF      _secs, 0
L__main_seq20:
0x031F	0x1C03      	BTFSS      STATUS, 0
0x0320	0x2B76      	GOTO       L_main_seq7
0x0321	0x3080      	MOVLW      128
0x0322	0x0626      	XORWF      _secs+1, 0
0x0323	0x00F0      	MOVWF      R0
0x0324	0x3080      	MOVLW      128
0x0325	0x0270      	SUBWF      R0, 0
0x0326	0x1D03      	BTFSS      STATUS, 2
0x0327	0x2B2A      	GOTO       L__main_seq21
0x0328	0x300F      	MOVLW      15
0x0329	0x0225      	SUBWF      _secs, 0
L__main_seq21:
0x032A	0x1803      	BTFSC      STATUS, 0
0x032B	0x2B76      	GOTO       L_main_seq7
L__main_seq12:
;final traffic lights.c,43 :: 		RED= 0;
0x032C	0x1007      	BCF        PORTC, 0
;final traffic lights.c,44 :: 		YELLOW= 0;
0x032D	0x1107      	BCF        PORTC, 2
;final traffic lights.c,45 :: 		GREEN= 1;
0x032E	0x1487      	BSF        PORTC, 1
;final traffic lights.c,48 :: 		PORTB = segmenthex[abs(reverse[(secs-6)%10])];
0x032F	0x3006      	MOVLW      6
0x0330	0x0225      	SUBWF      _secs, 0
0x0331	0x00F0      	MOVWF      R0
0x0332	0x3000      	MOVLW      0
0x0333	0x1C03      	BTFSS      STATUS, 0
0x0334	0x3E01      	ADDLW      1
0x0335	0x0226      	SUBWF      _secs+1, 0
0x0336	0x00F1      	MOVWF      R0+1
0x0337	0x300A      	MOVLW      10
0x0338	0x00F4      	MOVWF      R4
0x0339	0x3000      	MOVLW      0
0x033A	0x00F5      	MOVWF      R4+1
0x033B	0x2085      	CALL       _Div_16x16_S
0x033C	0x0878      	MOVF       R8, 0
0x033D	0x00F0      	MOVWF      R0
0x033E	0x0879      	MOVF       R8+1, 0
0x033F	0x00F1      	MOVWF      R0+1
0x0340	0x0870      	MOVF       R0, 0
0x0341	0x00F2      	MOVWF      R2
0x0342	0x0871      	MOVF       R0+1, 0
0x0343	0x00F3      	MOVWF      R2+1
0x0344	0x0DF2      	RLF        R2, 1
0x0345	0x0DF3      	RLF        R2+1, 1
0x0346	0x1072      	BCF        R2, 0
0x0347	0x0872      	MOVF       R2, 0
0x0348	0x3E1A      	ADDLW      _reverse
0x0349	0x00F0      	MOVWF      R0
0x034A	0x3004      	MOVLW      hi_addr(_reverse)
0x034B	0x1803      	BTFSC      STATUS, 0
0x034C	0x3E01      	ADDLW      1
0x034D	0x0773      	ADDWF      R2+1, 0
0x034E	0x00F1      	MOVWF      R0+1
0x034F	0x0870      	MOVF       R0, 0
0x0350	0x00AB      	MOVWF      ___DoICPAddr
0x0351	0x0871      	MOVF       R0+1, 0
0x0352	0x00AC      	MOVWF      ___DoICPAddr+1
0x0353	0x20EE      	CALL       _____DoICP
0x0354	0x118A      	BCF        PCLATH, 3
0x0355	0x120A      	BCF        PCLATH, 4
0x0356	0x00AF      	MOVWF      FARG_abs_a
0x0357	0x0AAB      	INCF       ___DoICPAddr, 1
0x0358	0x1903      	BTFSC      STATUS, 2
0x0359	0x0AAC      	INCF       ___DoICPAddr+1, 1
0x035A	0x20EE      	CALL       _____DoICP
0x035B	0x118A      	BCF        PCLATH, 3
0x035C	0x120A      	BCF        PCLATH, 4
0x035D	0x00B0      	MOVWF      FARG_abs_a+1
0x035E	0x206A      	CALL       _abs
0x035F	0x0870      	MOVF       R0, 0
0x0360	0x00F2      	MOVWF      R2
0x0361	0x0871      	MOVF       R0+1, 0
0x0362	0x00F3      	MOVWF      R2+1
0x0363	0x0DF2      	RLF        R2, 1
0x0364	0x0DF3      	RLF        R2+1, 1
0x0365	0x1072      	BCF        R2, 0
0x0366	0x0872      	MOVF       R2, 0
0x0367	0x3E04      	ADDLW      _segmenthex
0x0368	0x00F0      	MOVWF      R0
0x0369	0x3004      	MOVLW      hi_addr(_segmenthex)
0x036A	0x1803      	BTFSC      STATUS, 0
0x036B	0x3E01      	ADDLW      1
0x036C	0x0773      	ADDWF      R2+1, 0
0x036D	0x00F1      	MOVWF      R0+1
0x036E	0x0870      	MOVF       R0, 0
0x036F	0x00AB      	MOVWF      ___DoICPAddr
0x0370	0x0871      	MOVF       R0+1, 0
0x0371	0x00AC      	MOVWF      ___DoICPAddr+1
0x0372	0x20EE      	CALL       _____DoICP
0x0373	0x118A      	BCF        PCLATH, 3
0x0374	0x120A      	BCF        PCLATH, 4
0x0375	0x0086      	MOVWF      PORTB
;final traffic lights.c,49 :: 		}
L_main_seq7:
;final traffic lights.c,51 :: 		if (secs >= 15) {
0x0376	0x3080      	MOVLW      128
0x0377	0x0626      	XORWF      _secs+1, 0
0x0378	0x00F0      	MOVWF      R0
0x0379	0x3080      	MOVLW      128
0x037A	0x0270      	SUBWF      R0, 0
0x037B	0x1D03      	BTFSS      STATUS, 2
0x037C	0x2B7F      	GOTO       L__main_seq22
0x037D	0x300F      	MOVLW      15
0x037E	0x0225      	SUBWF      _secs, 0
L__main_seq22:
0x037F	0x1C03      	BTFSS      STATUS, 0
0x0380	0x2BC8      	GOTO       L_main_seq8
;final traffic lights.c,52 :: 		RED= 0;
0x0381	0x1007      	BCF        PORTC, 0
;final traffic lights.c,53 :: 		YELLOW= 1;
0x0382	0x1507      	BSF        PORTC, 2
;final traffic lights.c,54 :: 		GREEN= 0;
0x0383	0x1087      	BCF        PORTC, 1
;final traffic lights.c,56 :: 		PORTB = segmenthex[reverse[(secs+1)%10]];
0x0384	0x0825      	MOVF       _secs, 0
0x0385	0x3E01      	ADDLW      1
0x0386	0x00F0      	MOVWF      R0
0x0387	0x3000      	MOVLW      0
0x0388	0x1803      	BTFSC      STATUS, 0
0x0389	0x3E01      	ADDLW      1
0x038A	0x0726      	ADDWF      _secs+1, 0
0x038B	0x00F1      	MOVWF      R0+1
0x038C	0x300A      	MOVLW      10
0x038D	0x00F4      	MOVWF      R4
0x038E	0x3000      	MOVLW      0
0x038F	0x00F5      	MOVWF      R4+1
0x0390	0x2085      	CALL       _Div_16x16_S
0x0391	0x0878      	MOVF       R8, 0
0x0392	0x00F0      	MOVWF      R0
0x0393	0x0879      	MOVF       R8+1, 0
0x0394	0x00F1      	MOVWF      R0+1
0x0395	0x0870      	MOVF       R0, 0
0x0396	0x00F2      	MOVWF      R2
0x0397	0x0871      	MOVF       R0+1, 0
0x0398	0x00F3      	MOVWF      R2+1
0x0399	0x0DF2      	RLF        R2, 1
0x039A	0x0DF3      	RLF        R2+1, 1
0x039B	0x1072      	BCF        R2, 0
0x039C	0x0872      	MOVF       R2, 0
0x039D	0x3E1A      	ADDLW      _reverse
0x039E	0x00F0      	MOVWF      R0
0x039F	0x3004      	MOVLW      hi_addr(_reverse)
0x03A0	0x1803      	BTFSC      STATUS, 0
0x03A1	0x3E01      	ADDLW      1
0x03A2	0x0773      	ADDWF      R2+1, 0
0x03A3	0x00F1      	MOVWF      R0+1
0x03A4	0x0870      	MOVF       R0, 0
0x03A5	0x00AB      	MOVWF      ___DoICPAddr
0x03A6	0x0871      	MOVF       R0+1, 0
0x03A7	0x00AC      	MOVWF      ___DoICPAddr+1
0x03A8	0x20EE      	CALL       _____DoICP
0x03A9	0x118A      	BCF        PCLATH, 3
0x03AA	0x120A      	BCF        PCLATH, 4
0x03AB	0x00F3      	MOVWF      R3
0x03AC	0x0AAB      	INCF       ___DoICPAddr, 1
0x03AD	0x1903      	BTFSC      STATUS, 2
0x03AE	0x0AAC      	INCF       ___DoICPAddr+1, 1
0x03AF	0x20EE      	CALL       _____DoICP
0x03B0	0x118A      	BCF        PCLATH, 3
0x03B1	0x120A      	BCF        PCLATH, 4
0x03B2	0x00F4      	MOVWF      R3+1
0x03B3	0x0873      	MOVF       R3, 0
0x03B4	0x00F0      	MOVWF      R0
0x03B5	0x0874      	MOVF       R3+1, 0
0x03B6	0x00F1      	MOVWF      R0+1
0x03B7	0x0DF0      	RLF        R0, 1
0x03B8	0x0DF1      	RLF        R0+1, 1
0x03B9	0x1070      	BCF        R0, 0
0x03BA	0x3004      	MOVLW      _segmenthex
0x03BB	0x07F0      	ADDWF      R0, 1
0x03BC	0x3004      	MOVLW      hi_addr(_segmenthex)
0x03BD	0x1803      	BTFSC      STATUS, 0
0x03BE	0x3E01      	ADDLW      1
0x03BF	0x07F1      	ADDWF      R0+1, 1
0x03C0	0x0870      	MOVF       R0, 0
0x03C1	0x00AB      	MOVWF      ___DoICPAddr
0x03C2	0x0871      	MOVF       R0+1, 0
0x03C3	0x00AC      	MOVWF      ___DoICPAddr+1
0x03C4	0x20EE      	CALL       _____DoICP
0x03C5	0x118A      	BCF        PCLATH, 3
0x03C6	0x120A      	BCF        PCLATH, 4
0x03C7	0x0086      	MOVWF      PORTB
;final traffic lights.c,57 :: 		}
L_main_seq8:
;final traffic lights.c,59 :: 		}
L_end_main_seq:
0x03C8	0x0008      	RETURN
; end of _main_seq
___CC2DW:
;__Lib_System.c,134 :: 		
;__Lib_System.c,137 :: 		
_CC2D_Loop1:
;__Lib_System.c,139 :: 		
0x03C9	0x20EE      	CALL       _____DoICP
0x03CA	0x118A      	BCF        PCLATH, 3
0x03CB	0x120A      	BCF        PCLATH, 4
;__Lib_System.c,141 :: 		
0x03CC	0x0080      	MOVWF      INDF
;__Lib_System.c,142 :: 		
0x03CD	0x0A84      	INCF       FSR, 1
;__Lib_System.c,143 :: 		
0x03CE	0x0AAB      	INCF       ___DoICPAddr, 1
;__Lib_System.c,145 :: 		
0x03CF	0x1903      	BTFSC      STATUS, 2
;__Lib_System.c,146 :: 		
0x03D0	0x0AAC      	INCF       ___DoICPAddr+1, 1
;__Lib_System.c,147 :: 		
0x03D1	0x03F0      	DECF       R0, 1
;__Lib_System.c,149 :: 		
0x03D2	0x1D03      	BTFSS      STATUS, 2
;__Lib_System.c,150 :: 		
0x03D3	0x2BC9      	GOTO       _CC2D_Loop1
;__Lib_System.c,152 :: 		
L_end___CC2DW:
0x03D4	0x0008      	RETURN
; end of ___CC2DW
_main:
0x03D5	0x1283      	BCF        STATUS, 5
0x03D6	0x1303      	BCF        STATUS, 6
0x03D7	0x01A5      	CLRF       _secs
0x03D8	0x01A6      	CLRF       38
0x03D9	0x01A7      	CLRF       _milliSecs
0x03DA	0x01A8      	CLRF       40
0x03DB	0x01A9      	CLRF       41
0x03DC	0x01AA      	CLRF       42
;final traffic lights.c,60 :: 		void main() {
;final traffic lights.c,62 :: 		OPTION_REG = 0x82;
0x03DD	0x3082      	MOVLW      130
0x03DE	0x1683      	BSF        STATUS, 5
0x03DF	0x0081      	MOVWF      OPTION_REG
;final traffic lights.c,63 :: 		TMR0       = 6;
0x03E0	0x3006      	MOVLW      6
0x03E1	0x1283      	BCF        STATUS, 5
0x03E2	0x0081      	MOVWF      TMR0
;final traffic lights.c,64 :: 		INTCON     = 0xA0;
0x03E3	0x30A0      	MOVLW      160
0x03E4	0x008B      	MOVWF      INTCON
;final traffic lights.c,66 :: 		TRISB = 0;
0x03E5	0x1683      	BSF        STATUS, 5
0x03E6	0x0186      	CLRF       TRISB
;final traffic lights.c,67 :: 		PORTB = segmenthex[0];
0x03E7	0x303F      	MOVLW      63
0x03E8	0x1283      	BCF        STATUS, 5
0x03E9	0x0086      	MOVWF      PORTB
;final traffic lights.c,69 :: 		TRISC = 0;
0x03EA	0x1683      	BSF        STATUS, 5
0x03EB	0x0187      	CLRF       TRISC
;final traffic lights.c,70 :: 		PORTC = 0;
0x03EC	0x1283      	BCF        STATUS, 5
0x03ED	0x0187      	CLRF       PORTC
;final traffic lights.c,72 :: 		while(1) {
L_main9:
;final traffic lights.c,73 :: 		secs = milliSecs/1000;
0x03EE	0x30E8      	MOVLW      232
0x03EF	0x00F4      	MOVWF      R4
0x03F0	0x3003      	MOVLW      3
0x03F1	0x00F5      	MOVWF      R4+1
0x03F2	0x01F6      	CLRF       R4+2
0x03F3	0x01F7      	CLRF       R4+3
0x03F4	0x0827      	MOVF       _milliSecs, 0
0x03F5	0x00F0      	MOVWF      R0
0x03F6	0x0828      	MOVF       _milliSecs+1, 0
0x03F7	0x00F1      	MOVWF      R0+1
0x03F8	0x0829      	MOVF       _milliSecs+2, 0
0x03F9	0x00F2      	MOVWF      R0+2
0x03FA	0x082A      	MOVF       _milliSecs+3, 0
0x03FB	0x00F3      	MOVWF      R0+3
0x03FC	0x20F5      	CALL       _Div_32x32_U
0x03FD	0x0870      	MOVF       R0, 0
0x03FE	0x00A5      	MOVWF      _secs
0x03FF	0x0871      	MOVF       R0+1, 0
0x0400	0x00A6      	MOVWF      _secs+1
;final traffic lights.c,75 :: 		main_seq();
0x0401	0x226D      	CALL       _main_seq
;final traffic lights.c,76 :: 		}
0x0402	0x2BEE      	GOTO       L_main9
;final traffic lights.c,80 :: 		}
L_end_main:
0x0403	0x2C03      	GOTO       $+0
; end of _main
;final traffic lights.c,20 :: _segmenthex
0x0404	0x343F ;_segmenthex+0
0x0405	0x3400 ;_segmenthex+1
0x0406	0x3406 ;_segmenthex+2
0x0407	0x3400 ;_segmenthex+3
0x0408	0x345B ;_segmenthex+4
0x0409	0x3400 ;_segmenthex+5
0x040A	0x344F ;_segmenthex+6
0x040B	0x3400 ;_segmenthex+7
0x040C	0x3466 ;_segmenthex+8
0x040D	0x3400 ;_segmenthex+9
0x040E	0x346D ;_segmenthex+10
0x040F	0x3400 ;_segmenthex+11
0x0410	0x347D ;_segmenthex+12
0x0411	0x3400 ;_segmenthex+13
0x0412	0x3407 ;_segmenthex+14
0x0413	0x3400 ;_segmenthex+15
0x0414	0x347F ;_segmenthex+16
0x0415	0x3400 ;_segmenthex+17
0x0416	0x346F ;_segmenthex+18
0x0417	0x3400 ;_segmenthex+19
0x0418	0x343F ;_segmenthex+20
0x0419	0x3400 ;_segmenthex+21
; end of _segmenthex
;final traffic lights.c,21 :: _reverse
0x041A	0x3409 ;_reverse+0
0x041B	0x3400 ;_reverse+1
0x041C	0x3408 ;_reverse+2
0x041D	0x3400 ;_reverse+3
0x041E	0x3407 ;_reverse+4
0x041F	0x3400 ;_reverse+5
0x0420	0x3406 ;_reverse+6
0x0421	0x3400 ;_reverse+7
0x0422	0x3405 ;_reverse+8
0x0423	0x3400 ;_reverse+9
0x0424	0x3404 ;_reverse+10
0x0425	0x3400 ;_reverse+11
0x0426	0x3403 ;_reverse+12
0x0427	0x3400 ;_reverse+13
0x0428	0x3402 ;_reverse+14
0x0429	0x3400 ;_reverse+15
0x042A	0x3401 ;_reverse+16
0x042B	0x3400 ;_reverse+17
0x042C	0x3400 ;_reverse+18
0x042D	0x3400 ;_reverse+19
; end of _reverse
Symbol List:
//** Routines locations **
//ADDRESS    SIZE    PROCEDURE
//----------------------------------------------
0x0004      [58]    _Interrupt
0x003E      [44]    _Div_16x16_S_L
0x006A      [27]    _abs
0x0085     [105]    _Div_16x16_S
0x00EE       [7]    _____DoICP
0x00F5     [376]    _Div_32x32_U
0x026D     [348]    _main_seq
0x03C9      [12]    ___CC2DW
0x03D5      [47]    _main
//** Variables locations ** 
//ADDRESS    SIZE    VARIABLE
//----------------------------------------------
0x0000       [1]    INDF
0x0001       [1]    TMR0
0x0002       [1]    PCL
0x0003       [1]    STATUS
0x0004       [1]    FSR
0x0006       [1]    PORTB
0x0007       [1]    PORTC
0x000A       [1]    PCLATH
0x000B       [1]    INTCON
0x000B       [0]    TMR0IF_bit
0x0020       [1]    ___math_tempb
0x0025       [2]    _secs
0x0027       [4]    _milliSecs
0x002B       [2]    ___DoICPAddr
0x002D       [1]    ___saveSTATUS
0x002E       [1]    ___savePCLATH
0x002F       [2]    FARG_abs_a
0x0070       [1]    R0
0x0071       [1]    R1
0x0072       [1]    R2
0x0073       [1]    R3
0x0074       [1]    R4
0x0075       [1]    R5
0x0076       [1]    R6
0x0077       [1]    R7
0x0078       [1]    R8
0x0079       [1]    R9
0x007A       [1]    R10
0x007B       [1]    R11
0x007C       [1]    R12
0x007D       [1]    R13
0x007E       [1]    R14
0x007F       [1]    R15
0x0081       [1]    OPTION_REG
0x0086       [1]    TRISB
0x0087       [1]    TRISC
//** Constants locations ** 
//ADDRESS    SIZE    CONSTANT
//----------------------------------------------
0x0404      [22]    _segmenthex
0x041A      [20]    _reverse
//** Label List: ** 
//----------------------------------------------
  L_Interrupt0
  L_main_seq1
  L_main_seq2
  L_main_seq3
  L_main_seq4
  L_main_seq5
  L_main_seq6
  L_main_seq7
  L_main_seq8
  L_main9
  L_main10
  L_main11
  L__main_seq12
  L__main_seq13
  L_end_Interrupt
  _Interrupt
  L__Interrupt15
  L_end_main_seq
  _main_seq
  L__main_seq17
  L__main_seq18
  L__main_seq19
  L__main_seq20
  L__main_seq21
  L__main_seq22
  L_end_main
  _main
  L_abs0
  L___Lib_CStdlib_strtod1
  L___Lib_CStdlib_strtod2
  L___Lib_CStdlib_strtod3
  L___Lib_CStdlib_strtod4
  L___Lib_CStdlib_strtod5
  L___Lib_CStdlib_strtod6
  L___Lib_CStdlib_strtod7
  L___Lib_CStdlib_strtod8
  L___Lib_CStdlib_strtod9
  L___Lib_CStdlib_strtod10
  L___Lib_CStdlib_strtod11
  L___Lib_CStdlib_strtod12
  L___Lib_CStdlib_strtod13
  L___Lib_CStdlib_strtod14
  L___Lib_CStdlib_strtod15
  L___Lib_CStdlib_strtod16
  L___Lib_CStdlib_strtod17
  L___Lib_CStdlib_strtod18
  L___Lib_CStdlib_strtod19
  L___Lib_CStdlib_strtod20
  L___Lib_CStdlib_strtod21
  L___Lib_CStdlib_strtod22
  L___Lib_CStdlib_strtod23
  L___Lib_CStdlib_strtod24
  L___Lib_CStdlib_strtod25
  L___Lib_CStdlib_strtod26
  L___Lib_CStdlib_strtod27
  L___Lib_CStdlib_strtod28
  L___Lib_CStdlib_strtod29
  L___Lib_CStdlib_strtod30
  L___Lib_CStdlib_strtod31
  L___Lib_CStdlib_strtod32
  L___Lib_CStdlib_strtod33
  L___Lib_CStdlib_strtod34
  L___Lib_CStdlib_strtod35
  L___Lib_CStdlib_strtod36
  L___Lib_CStdlib_strtod37
  L___Lib_CStdlib_strtod38
  L___Lib_CStdlib_strtod39
  L___Lib_CStdlib_strtod40
  L___Lib_CStdlib_strtod41
  L___Lib_CStdlib_strtod42
  L___Lib_CStdlib_strtod43
  L___Lib_CStdlib_strtod44
  L___Lib_CStdlib_strtod45
  L___Lib_CStdlib_strtod46
  L___Lib_CStdlib_strtod47
  L___Lib_CStdlib_strtod48
  L___Lib_CStdlib_strtod49
  L___Lib_CStdlib_strtod50
  L___Lib_CStdlib_strtod51
  L___Lib_CStdlib_strtod52
  ___atoi_skipws_atoi
  L_atoi53
  L_atoi54
  L_atoi55
  L_atoi56
  L_atoi57
  L_atoi58
  ___atoi_conv_atoi
  L_atoi59
  L_atoi60
  ___atol_skipws_atol
  L_atol61
  L_atol62
  L_atol63
  L_atol64
  L_atol65
  L_atol66
  ___atol_conv_atol
  L_atol67
  L_atol68
  L_div69
  L_ldiv70
  L_uldiv71
  L_labs72
  L_max73
  L_min74
  L_rand75
  L_xtoi76
  L_xtoi77
  L_xtoi78
  L_xtoi79
  L_xtoi80
  L_xtoi81
  L_xtoi82
  L_xtoi83
  L_xtoi84
  L_xtoi85
  L_xtoi86
  L___Lib_CStdlib_strtod87
  L___Lib_CStdlib_strtod88
  L___Lib_CStdlib_strtod89
  L__atoi90
  L__atol91
  L_end_abs
  _abs
  L__abs93
  L_end_strtod
  __Lib_CStdlib_strtod
  L___Lib_CStdlib_strtod95
  L___Lib_CStdlib_strtod96
  L_end_atof
  _atof
  L_end_atoi
  _atoi
  L__atoi99
  L__atoi100
  L__atoi101
  L__atoi102
  L_end_atol
  _atol
  L__atol104
  L__atol105
  L_end_div
  _div
  L_end_ldiv
  _ldiv
  L_end_uldiv
  _uldiv
  L_end_labs
  _labs
  L__labs110
  L_end_max
  _max
  L__max112
  L_end_min
  _min
  L__min114
  L_end_srand
  _srand
  L_end_rand
  _rand
  L_end_xtoi
  _xtoi
  L_Div_16x16_S0
  L_Div_16x16_S1
  LOOPS3232A
  SADD22LA
  SOK22LA
  SADD22L8
  SOK22L8
  LOOPS3232B
  SADD22LB
  SOK22LB
  SADD22L16
  SOK22L16
  LOOPS3232C
  SADD22LC
  SOK22LC
  SADD22L24
  SOK22L24
  LOOPS3232D
  SADD22LD
  SOK22LD
  SOK22L
  L_Div_32x32_S6
  L_Div_32x32_S7
  L_Div_32x32_S8
  L_Div_32x32_S9
  FXD3232S
  END_ALL
  CA3232S
  C3232SX
  C3232SX1
  C3232S
  C3232S2
  C3232SX4
  C3232SOK
  C3232SX3
  C3232SX2
  avoid_comfrem
  LOOPU3232A
  UADD22LA
  UOK22LA
  UADD22L8
  UOK22L8
  LOOPU3232B
  UADD22LB
  UOK22LB
  UADD22L16
  UOK22L16
  LOOPU3232C
  UADD22LC
  UOK22LC
  UADD22L24
  UOK22L24
  LOOPU3232D
  UADD22LD
  UOK22LD
  UOK22L
  _NEXT
  _EXIT2
  _LOOP
  _EXIT1
  _IF_FIRST
  _IF_SECOND
  _INVERCE_FIRST
  _MULT
  _INBERSE_SECOND
  _EXIT
  L_end_Mul_8x8_U
  _Mul_8x8_U
  L_end_Mul_16x16_U
  _Mul_16x16_U
  L_end_Div_8x8_U
  _Div_8x8_U
  L_end_Div_16x16_U
  _Div_16x16_U
  L_end_Mul_8x8_S
  _Mul_8x8_S
  L_end_Mul_16x16_S
  _Mul_16x16_S
  L_end_Div_16x16_S_L
  _Div_16x16_S_L
  L_end_Div_16x16_S
  _Div_16x16_S
  L_end_Div_8x8_S
  _Div_8x8_S
  L_end_SDIV3232L
  _SDIV3232L
  L_end_COMFREM
  _COMFREM
  L_end_Div_32x32_S
  _Div_32x32_S
  L_end_Div_32x32_U
  _Div_32x32_U
  L_end_Mul_32x32_U
  _Mul_32x32_U
  L_end_Mul_32x32_S
  _Mul_32x32_S
  L_loopCA2AWs
  L_CA2AWend
  _CCA2AW_Loop1
  L_loopCS2Ss
  L_CS2Send
  _CCS2S_Loop1
  L_CCS2Send
  L_loopFZinSWs
  L_FZinSend
  _CC2D_Loop1
  L_end_____DoICP
  _____DoICP
  L_end_____DoIFC
  _____DoIFC
  L_end___CA2AW
  ___CA2AW
  L_end___CCA2AW
  ___CCA2AW
  L_end___CS2S
  ___CS2S
  L_end___CCS2S
  ___CCS2S
  L_end___FZinS
  ___FZinS
  L_end___CC2DW
  ___CC2DW
  L_end_Swap
  _Swap
  L_Interrupt0
  L_main_seq1
  L_main_seq2
  L_main_seq3
  L_main_seq4
  L_main_seq5
  L_main_seq6
  L_main_seq7
  L_main_seq8
  L_main9
  L_main10
  L_main11
  L__main_seq12
  L__main_seq13
  L_end_Interrupt
  _Interrupt
  L__Interrupt15
  L_end_main_seq
  _main_seq
  L__main_seq17
  L__main_seq18
  L__main_seq19
  L__main_seq20
  L__main_seq21
  L__main_seq22
  L_end_main
  _main
